生成启动时间为 2018-12-03 16:17:19。
     1>项目“D:\GraphApplications\GraphApplications.vcxproj”在节点 2 上(Build 个目标)。
     1>ClCompile:
         C:\Program Files (x86)\Microsoft Visual Studio 11.0\VC\bin\CL.exe /c /ZI /nologo /W3 /WX- /Od /Oy- /D WIN32 /D _DEBUG /D _CONSOLE /D _UNICODE /D UNICODE /Gm /EHsc /RTC1 /MDd /GS /fp:precise /Zc:wchar_t /Zc:forScope /Fo"Debug\\" /Fd"Debug\vc110.pdb" /Gd /TP /analyze- /errorReport:prompt CircularQueue.cpp GraphApplications.cpp
         GraphApplications.cpp
     1>d:\graphapplications\circularqueue.h(7): warning C4091: “typedef ”: 没有声明变量时忽略“circular_queue”的左侧
     1>d:\graphapplications\graphapplications.cpp(11): warning C4091: “typedef ”: 没有声明变量时忽略“node”的左侧
     1>d:\graphapplications\graphapplications.cpp(64): warning C4996: 'fopen': This function or variable may be unsafe. Consider using fopen_s instead. To disable deprecation, use _CRT_SECURE_NO_WARNINGS. See online help for details.
                 c:\program files (x86)\microsoft visual studio 11.0\vc\include\stdio.h(218) : 参见“fopen”的声明
     1>d:\graphapplications\graphapplications.cpp(67): warning C4996: 'fscanf': This function or variable may be unsafe. Consider using fscanf_s instead. To disable deprecation, use _CRT_SECURE_NO_WARNINGS. See online help for details.
                 c:\program files (x86)\microsoft visual studio 11.0\vc\include\stdio.h(237) : 参见“fscanf”的声明
     1>d:\graphapplications\graphapplications.cpp(77): warning C4996: 'fscanf': This function or variable may be unsafe. Consider using fscanf_s instead. To disable deprecation, use _CRT_SECURE_NO_WARNINGS. See online help for details.
                 c:\program files (x86)\microsoft visual studio 11.0\vc\include\stdio.h(237) : 参见“fscanf”的声明
         CircularQueue.cpp
     1>d:\graphapplications\circularqueue.h(7): warning C4091: “typedef ”: 没有声明变量时忽略“circular_queue”的左侧
         正在生成代码...
       Link:
         C:\Program Files (x86)\Microsoft Visual Studio 11.0\VC\bin\link.exe /ERRORREPORT:PROMPT /OUT:"D:\GraphApplications\Debug\GraphApplications.exe" /INCREMENTAL /NOLOGO kernel32.lib user32.lib gdi32.lib winspool.lib comdlg32.lib advapi32.lib shell32.lib ole32.lib oleaut32.lib uuid.lib odbc32.lib odbccp32.lib /MANIFEST /MANIFESTUAC:"level='asInvoker' uiAccess='false'" /manifest:embed /DEBUG /PDB:"D:\GraphApplications\Debug\GraphApplications.pdb" /SUBSYSTEM:CONSOLE /TLBID:1 /DYNAMICBASE /NXCOMPAT /IMPLIB:"D:\GraphApplications\Debug\GraphApplications.lib" /MACHINE:X86 Debug\CircularQueue.obj
         Debug\GraphApplications.obj
         GraphApplications.vcxproj -> D:\GraphApplications\Debug\GraphApplications.exe
     1>已完成生成项目“D:\GraphApplications\GraphApplications.vcxproj”(Build 个目标)的操作。

生成成功。

已用时间 00:00:00.37
